<?xml version="1.0" encoding="UTF-8"?>
<!-- Generated by org.testng.reporters.JUnitReportReporter -->
<testsuite skipped="0" hostname="chetan-PC" name="AutomationTest.AutomationTest7" tests="1" failures="0" timestamp="04 Mar 2018 13:13:14 GMT" time="40.624" errors="0">
  <testcase name="AT7" time="40.624" classname="AutomationTest.AutomationTest7"/>
</testsuite> <!-- AutomationTest.AutomationTest7 -->
