<?xml version="1.0" encoding="UTF-8"?>
<!-- Generated by org.testng.reporters.JUnitReportReporter -->
<testsuite skipped="0" hostname="chetan-PC" name="AutomationTest.AutomationTest8" tests="1" failures="0" timestamp="11 Mar 2018 12:09:39 GMT" time="23.283" errors="0">
  <testcase name="AT8" time="23.283" classname="AutomationTest.AutomationTest8"/>
</testsuite> <!-- AutomationTest.AutomationTest8 -->
