<?xml version="1.0" encoding="UTF-8"?>
<!-- Generated by org.testng.reporters.JUnitReportReporter -->
<testsuite skipped="0" hostname="chetan-PC" name="AutomationTest.AutomationTest6" tests="1" failures="0" timestamp="24 Feb 2018 17:48:25 GMT" time="30.987" errors="0">
  <testcase name="AT6" time="30.987" classname="AutomationTest.AutomationTest6"/>
</testsuite> <!-- AutomationTest.AutomationTest6 -->
