<?xml version="1.0" encoding="UTF-8"?>
<!-- Generated by org.testng.reporters.JUnitReportReporter -->
<testsuite skipped="0" hostname="chetan-PC" name="AutomationTest.AutomationTest3" tests="1" failures="0" timestamp="17 Feb 2018 09:23:56 GMT" time="51.344" errors="0">
  <testcase name="AT3" time="51.344" classname="AutomationTest.AutomationTest3"/>
</testsuite> <!-- AutomationTest.AutomationTest3 -->
