<?xml version="1.0" encoding="UTF-8"?>
<!-- Generated by org.testng.reporters.JUnitReportReporter -->
<testsuite skipped="0" hostname="chetan-PC" name="AutomationTest.AutomationTest5" tests="1" failures="0" timestamp="18 Feb 2018 17:46:02 GMT" time="46.060" errors="0">
  <testcase name="AT5" time="46.060" classname="AutomationTest.AutomationTest5"/>
</testsuite> <!-- AutomationTest.AutomationTest5 -->
